C51 COMPILER V9.54   I2C                                                                   07/02/2025 16:37:31 PAGE 1   


C51 COMPILER V9.54, COMPILATION OF MODULE I2C
OBJECT MODULE PLACED IN .\Objects\I2C.obj
COMPILER INVOKED BY: D:\keil\C51\BIN\C51.EXE I2C.c OPTIMIZE(8,SPEED) BROWSE DEBUG OBJECTEXTEND PRINT(.\Listings\I2C.lst)
                    - TABS(2) OBJECT(.\Objects\I2C.obj)

line level    source

   1          
   2          #include <REGX52.H>
   3          
   4          
   5          sbit I2C_SCL=P2^1;
   6          sbit I2C_SDA=P2^0;
   7          
   8          /**
   9            * @brief I2C开始
  10            * @param 无
  11            * @retval 无
  12            */
  13          void I2C_Start(void)
  14          {
  15   1        I2C_SDA=1;
  16   1        I2C_SCL=1;
  17   1        I2C_SDA=0;
  18   1        I2C_SCL=0;
  19   1      }
  20          
  21          /**
  22            * @brief I2C停止
  23            * @param 无
  24            * @retval 无
  25            */
  26          void I2C_Stop(void)
  27          {
  28   1        I2C_SDA=0;
  29   1        I2C_SCL=1;
  30   1        I2C_SDA=1;
  31   1      }
  32          
  33          /**
  34            * @brief I2C发送一个字节
  35            * @param 要发送的字节
  36            * @retval 无
  37            */
  38          void I2C_SendByte(unsigned char Byte)
  39          {
  40   1        unsigned char i;
  41   1        for(i=0;i<8;i++)
  42   1        {
  43   2          I2C_SDA=Byte&(0x80>>i);
  44   2          I2C_SCL=1;
  45   2          I2C_SCL=0;
  46   2        }
  47   1      }
  48          
  49          /**
  50            * @brief I2C接受一个字节
  51            * @param 无
  52            * @retval 接受到的字节
  53            */
  54          unsigned char I2C_ReceiveByte(void)
C51 COMPILER V9.54   I2C                                                                   07/02/2025 16:37:31 PAGE 2   

  55          {
  56   1        unsigned char i,Byte=0x00;
  57   1        I2C_SDA=1;
  58   1        for(i=0;i<8;i++)
  59   1        {
  60   2          I2C_SCL=1;
  61   2          if(I2C_SDA){Byte|=(0x80>>i);}
  62   2          I2C_SCL=0;
  63   2        }
  64   1        return Byte;
  65   1      }
  66          
  67          /**
  68            * @brief I2C发送应答
  69            * @param AckBit为应答位，0位应答，1位非应答
  70            * @retval 无
  71            */
  72          void I2C_SendAck(unsigned char AckBit)
  73          {
  74   1        I2C_SDA=AckBit;
  75   1        I2C_SCL=1;
  76   1        I2C_SCL=0;
  77   1      }
  78          
  79          /**
  80            * @brief I2C接收应答
  81            * @param 无
  82            * @retval AckBit为应答位，0位应答，1位非应答
  83            */
  84          unsigned char I2C_ReceiveAck(void)
  85          {
  86   1        unsigned char AckBit;
  87   1        I2C_SDA=1;
  88   1        I2C_SCL=1;
  89   1        AckBit=I2C_SDA;
  90   1        I2C_SCL=0;
  91   1        return AckBit;
  92   1      }


MODULE INFORMATION:   STATIC OVERLAYABLE
   CODE SIZE        =    109    ----
   CONSTANT SIZE    =   ----    ----
   XDATA SIZE       =   ----    ----
   PDATA SIZE       =   ----    ----
   DATA SIZE        =   ----    ----
   IDATA SIZE       =   ----    ----
   BIT SIZE         =   ----    ----
END OF MODULE INFORMATION.


C51 COMPILATION COMPLETE.  0 WARNING(S),  0 ERROR(S)
