C51 COMPILER V9.54   ONEWIRE                                                               07/02/2025 17:32:42 PAGE 1   


C51 COMPILER V9.54, COMPILATION OF MODULE ONEWIRE
OBJECT MODULE PLACED IN .\Objects\OneWire.obj
COMPILER INVOKED BY: D:\keil\C51\BIN\C51.EXE OneWire.c OPTIMIZE(8,SPEED) BROWSE DEBUG OBJECTEXTEND PRINT(.\Listings\OneW
                    -ire.lst) TABS(2) OBJECT(.\Objects\OneWire.obj)

line level    source

   1          #include <REGX52.H>
   2          
   3          sbit OneWire_DQ=P3^7;
   4          
   5          
   6          unsigned char OneWire_Init(void)
   7          {
   8   1        unsigned char i;
   9   1        unsigned char AckBit;
  10   1        OneWire_DQ=1;
  11   1        OneWire_DQ=0;
  12   1        
  13   1        i = 247;while (--i);      //Delay 500us
  14   1        OneWire_DQ=1;
  15   1      
  16   1        i = 32;while (--i); 
  17   1        AckBit=OneWire_DQ;
  18   1        i = 247;while (--i);
  19   1        return AckBit;
  20   1        
  21   1      }
  22          
  23          
  24          void OneWire_SendBit(unsigned char Bit)
  25          {
  26   1        unsigned char i;
  27   1        OneWire_DQ=0;
  28   1        i = 4;while (--i);      //Delay 10us
  29   1        OneWire_DQ=Bit;
  30   1        i = 24;while (--i);     //Delay 50us
  31   1        OneWire_DQ=1;
  32   1      }
  33          
  34          
  35          unsigned char OneWire_ReceiveBit(void)
  36          {
  37   1        unsigned char i;
  38   1        unsigned char Bit;
  39   1        OneWire_DQ=0;
  40   1        i=2;while(--i);       //Delay 5us
  41   1        OneWire_DQ=1;
  42   1        i = 2;while (--i);
  43   1        Bit=OneWire_DQ;
  44   1        i = 24;while (--i);   //Delay 50us
  45   1        return Bit;
  46   1        
  47   1      }
  48          
  49          
  50          void OneWire_SendByte(unsigned char Byte)
  51          {
  52   1        unsigned char i;
  53   1        for(i=0;i<8;i++)
  54   1        {
C51 COMPILER V9.54   ONEWIRE                                                               07/02/2025 17:32:42 PAGE 2   

  55   2          OneWire_SendBit(Byte&(0x01<<i));
  56   2        }
  57   1      }
  58          
  59          unsigned char OneWire_ReceiveByte(void)
  60          {
  61   1        unsigned char i;
  62   1        unsigned char Byte=0x00;
  63   1        for(i=0;i<8;i++)
  64   1        {
  65   2          if(OneWire_ReceiveBit()){Byte|=(0x01<<i);}
  66   2        }
  67   1        return Byte;
  68   1      }


MODULE INFORMATION:   STATIC OVERLAYABLE
   CODE SIZE        =    122    ----
   CONSTANT SIZE    =   ----    ----
   XDATA SIZE       =   ----    ----
   PDATA SIZE       =   ----    ----
   DATA SIZE        =   ----    ----
   IDATA SIZE       =   ----    ----
   BIT SIZE         =   ----    ----
END OF MODULE INFORMATION.


C51 COMPILATION COMPLETE.  0 WARNING(S),  0 ERROR(S)
