C51 COMPILER V9.54   ONEWIRE                                                               07/02/2025 16:23:39 PAGE 1   


C51 COMPILER V9.54, COMPILATION OF MODULE ONEWIRE
OBJECT MODULE PLACED IN .\Objects\OneWire.obj
COMPILER INVOKED BY: D:\keil\C51\BIN\C51.EXE OneWire.c OPTIMIZE(8,SPEED) BROWSE DEBUG OBJECTEXTEND PRINT(.\Listings\OneW
                    -ire.lst) TABS(2) OBJECT(.\Objects\OneWire.obj)

line level    source

   1          #include <REGX52.H>
   2          
   3          sbit OneWire_DQ=P3^7;
   4          
   5          
   6          unsigned char OneWire_Init(void)
   7          {
   8   1        unsigned char i;
   9   1        unsigned char AckBit;
  10   1        OneWire_DQ=1;
  11   1        OneWire_DQ=0;
  12   1        
  13   1        i = 247;while (--i);      //Delay 500us
  14   1        OneWire_DQ=1;
  15   1      
  16   1        i = 32;while (--i); 
  17   1        AckBit=OneWire_DQ;
  18   1        i = 247;while (--i);
  19   1      
  20   1        return AckBit;
  21   1        
  22   1      }
  23          
  24          
  25          void OneWire_SendBit(unsigned char Bit)
  26          {
  27   1        unsigned char i;
  28   1        OneWire_DQ=0;
  29   1        i = 4;while (--i);      //Delay 10us
  30   1        OneWire_DQ=Bit;
  31   1        i = 24;while (--i);     //Delay 50us
  32   1        OneWire_DQ=1;
  33   1      
  34   1      }
  35          
  36          
  37          unsigned char OneWire_ReceiveBit(void)
  38          {
  39   1        unsigned char i;
  40   1        unsigned char Bit;
  41   1        OneWire_DQ=0;
  42   1        i=2;while(--i);       //Delay 5us
  43   1        OneWire_DQ=1;
  44   1        i = 2;while (--i);
  45   1        Bit=OneWire_DQ;
  46   1        i = 24;while (--i);   //Delay 50us
  47   1      
  48   1        return Bit;
  49   1        
  50   1      }
  51          
  52          
  53          void OneWire_SendByte(unsigned char Byte)
  54          {
C51 COMPILER V9.54   ONEWIRE                                                               07/02/2025 16:23:39 PAGE 2   

  55   1        unsigned char i;
  56   1        for(i=0;i<8;i++)
  57   1        {
  58   2          OneWire_SendBit(Byte&(0x01<<i));
  59   2        }
  60   1      }
  61          
  62          unsigned char OneWire_ReceiveByte(void)
  63          {
  64   1        unsigned char i;
  65   1        unsigned char Byte=0x00;
  66   1        for(i=0;i<8;i++)
  67   1        {
  68   2          if(OneWire_ReceiveBit()){Byte|=(0x01<<i);}
  69   2        }
  70   1        return Byte;
  71   1      }


MODULE INFORMATION:   STATIC OVERLAYABLE
   CODE SIZE        =    122    ----
   CONSTANT SIZE    =   ----    ----
   XDATA SIZE       =   ----    ----
   PDATA SIZE       =   ----    ----
   DATA SIZE        =   ----    ----
   IDATA SIZE       =   ----    ----
   BIT SIZE         =   ----    ----
END OF MODULE INFORMATION.


C51 COMPILATION COMPLETE.  0 WARNING(S),  0 ERROR(S)
