C51 COMPILER V9.54   MAIN                                                                  07/02/2025 22:44:09 PAGE 1   


C51 COMPILER V9.54, COMPILATION OF MODULE MAIN
OBJECT MODULE PLACED IN .\Objects\main.obj
COMPILER INVOKED BY: D:\keil\C51\BIN\C51.EXE main.c OPTIMIZE(8,SPEED) BROWSE DEBUG OBJECTEXTEND PRINT(.\Listings\main.ls
                    -t) TABS(2) OBJECT(.\Objects\main.obj)

line level    source

   1          #include <REGX52.H>
   2          
   3          
   4          sbit LED=P2^0;
   5          
   6          void Delay(unsigned int t)
   7          {
   8   1        while(t--);
   9   1      }
  10          
  11          
  12          void  main()
  13          {
  14   1        unsigned char Time,t;
  15   1        while(1)
  16   1        {
  17   2          for(Time=0;Time<100;Time++)
  18   2          {
  19   3            for(t=0;t<20;t++)
  20   3            {
  21   4              LED=0;
  22   4              Delay(Time);
  23   4              LED=1;
  24   4              Delay(100-Time);
  25   4            }
  26   3          }
  27   2          for(Time=100;Time>0;Time--)
  28   2          {
  29   3            for(t=0;t<20;t++)
  30   3            {
  31   4              LED=0;
  32   4              Delay(Time);
  33   4              LED=1;
  34   4              Delay(100-Time);
  35   4            }
  36   3          }
  37   2        }
  38   1      }


MODULE INFORMATION:   STATIC OVERLAYABLE
   CODE SIZE        =     68    ----
   CONSTANT SIZE    =   ----    ----
   XDATA SIZE       =   ----    ----
   PDATA SIZE       =   ----    ----
   DATA SIZE        =   ----    ----
   IDATA SIZE       =   ----    ----
   BIT SIZE         =   ----    ----
END OF MODULE INFORMATION.


C51 COMPILATION COMPLETE.  0 WARNING(S),  0 ERROR(S)
