C51 COMPILER V9.54   MAIN                                                                  07/03/2025 17:24:24 PAGE 1   


C51 COMPILER V9.54, COMPILATION OF MODULE MAIN
OBJECT MODULE PLACED IN .\Objects\main.obj
COMPILER INVOKED BY: D:\keil\C51\BIN\C51.EXE main.c OPTIMIZE(8,SPEED) BROWSE DEBUG OBJECTEXTEND PRINT(.\Listings\main.ls
                    -t) TABS(2) OBJECT(.\Objects\main.obj)

line level    source

   1          #include <REGX52.H>
   2          #include "Delay.h"
   3          #include "LCD1602.h"
   4          #include "XPT2046.h"
   5          
   6          unsigned int ADValue;
   7          
   8          void  main()
   9          {
  10   1        LCD_Init();
  11   1        LCD_ShowString(1,1,"ADJ");
  12   1        while(1)
  13   1        {
  14   2          ADValue=XPT2046_ReadAD(XPT2046_XP);
  15   2          LCD_ShowNum(2,1,ADValue,4);
  16   2          Delay(10);
  17   2        }
  18   1      }


MODULE INFORMATION:   STATIC OVERLAYABLE
   CODE SIZE        =     48    ----
   CONSTANT SIZE    =      4    ----
   XDATA SIZE       =   ----    ----
   PDATA SIZE       =   ----    ----
   DATA SIZE        =      2    ----
   IDATA SIZE       =   ----    ----
   BIT SIZE         =   ----    ----
END OF MODULE INFORMATION.


C51 COMPILATION COMPLETE.  0 WARNING(S),  0 ERROR(S)
