C51 COMPILER V9.54   DS1302                                                                06/29/2025 21:21:38 PAGE 1   


C51 COMPILER V9.54, COMPILATION OF MODULE DS1302
OBJECT MODULE PLACED IN .\Objects\DS1302.obj
COMPILER INVOKED BY: D:\keil\C51\BIN\C51.EXE DS1302.c OPTIMIZE(8,SPEED) BROWSE DEBUG OBJECTEXTEND PRINT(.\Listings\DS130
                    -2.lst) TABS(2) OBJECT(.\Objects\DS1302.obj)

line level    source

   1          #include <REGX52.H>
   2          
   3          sbit DS1302_SCLK=P3^6;
   4          sbit DS1302_IO=P3^4;
   5          sbit DS1302_CE=P3^5;
   6          
   7          
   8          #define DS1302_SECOND   0x80
   9          #define DS1302_MINUTE   0x82
  10          #define DS1302_HOUR     0x84
  11          #define DS1302_DATE     0x86
  12          #define DS1302_MONTH    0x88
  13          #define DS1302_DAY      0x8a
  14          #define DS1302_YEAR     0x8c
  15          #define DS1302_WP       0x8e
  16          
  17          
  18          
  19          unsigned char DS1302_Time[]={19,11,16,12,59,55,6};
  20          
  21          
  22          void DS1302_Init(void)
  23          {
  24   1        DS1302_CE=0;
  25   1        DS1302_SCLK=0;
  26   1        
  27   1      }
  28          
  29          void DS1302_WriteByte(unsigned char Command,Date)
  30          {
  31   1        unsigned char i;
  32   1        DS1302_CE=1;
  33   1        
  34   1        for(i=0;i<8;i++)
  35   1        {
  36   2          DS1302_IO=Command&(0x01<<i);
  37   2          DS1302_SCLK=1;
  38   2          DS1302_SCLK=0;
  39   2        }
  40   1        
  41   1        for(i=0;i<8;i++)
  42   1        {
  43   2          DS1302_IO=Date&(0x01<<i);
  44   2          DS1302_SCLK=1;
  45   2          DS1302_SCLK=0;
  46   2        }
  47   1        
  48   1        DS1302_CE=0;
  49   1      }
  50          
  51          
  52          unsigned char DS1302_ReadByte(unsigned char Command)
  53          {
  54   1        unsigned char i,Date=0x00;
C51 COMPILER V9.54   DS1302                                                                06/29/2025 21:21:38 PAGE 2   

  55   1        Command|=0x01;
  56   1        DS1302_CE=1;
  57   1        for(i=0;i<8;i++)
  58   1        {
  59   2          DS1302_IO=Command&(0x01<<i);
  60   2          DS1302_SCLK=0;
  61   2          DS1302_SCLK=1;
  62   2        }
  63   1        
  64   1        for(i=0;i<8;i++)
  65   1        {
  66   2          DS1302_SCLK=1;
  67   2          DS1302_SCLK=0;
  68   2          if(DS1302_IO){Date|=(0x01<<i);}
  69   2        }
  70   1        DS1302_CE=0;
  71   1        DS1302_IO=0;
  72   1        return Date;
  73   1      }
  74          
  75          
  76          void DS1302_SetTime(void)
  77          {
  78   1        DS1302_WriteByte(DS1302_WP,0x00);
  79   1        DS1302_WriteByte(DS1302_YEAR,DS1302_Time[0]/10*16+DS1302_Time[0]%10);
  80   1        DS1302_WriteByte(DS1302_MONTH,DS1302_Time[1]/10*16+DS1302_Time[1]%10);
  81   1        DS1302_WriteByte(DS1302_DATE,DS1302_Time[2]/10*16+DS1302_Time[2]%10);
  82   1        DS1302_WriteByte(DS1302_HOUR,DS1302_Time[3]/10*16+DS1302_Time[3]%10);
  83   1        DS1302_WriteByte(DS1302_MINUTE,DS1302_Time[4]/10*16+DS1302_Time[4]%10);
  84   1        DS1302_WriteByte(DS1302_SECOND,DS1302_Time[5]/10*16+DS1302_Time[5]%10);
  85   1        DS1302_WriteByte(DS1302_DAY,DS1302_Time[6]/10*16+DS1302_Time[6]%10);
  86   1        DS1302_WriteByte(DS1302_WP,0x80);
  87   1        
  88   1        
  89   1      }
  90          
  91          void DS1302_ReadTime(void)
  92          {
  93   1        unsigned char Temp;
  94   1        Temp=DS1302_ReadByte(DS1302_YEAR);
  95   1        DS1302_Time[0]=Temp/16*10+Temp%16;
  96   1        Temp=DS1302_ReadByte(DS1302_MONTH);
  97   1        DS1302_Time[1]=Temp/16*10+Temp%16;  
  98   1        Temp=DS1302_ReadByte(DS1302_DATE);
  99   1        DS1302_Time[2]=Temp/16*10+Temp%16;  
 100   1        Temp=DS1302_ReadByte(DS1302_HOUR);
 101   1        DS1302_Time[3]=Temp/16*10+Temp%16;  
 102   1        Temp=DS1302_ReadByte(DS1302_MINUTE);
 103   1        DS1302_Time[4]=Temp/16*10+Temp%16;  
 104   1        Temp=DS1302_ReadByte(DS1302_SECOND);
 105   1        DS1302_Time[5]=Temp/16*10+Temp%16;  
 106   1        Temp=DS1302_ReadByte(DS1302_DAY);
 107   1        DS1302_Time[6]=Temp/16*10+Temp%16;  
 108   1        
 109   1        
 110   1      }


MODULE INFORMATION:   STATIC OVERLAYABLE
   CODE SIZE        =    551    ----
   CONSTANT SIZE    =   ----    ----
   XDATA SIZE       =   ----    ----
C51 COMPILER V9.54   DS1302                                                                06/29/2025 21:21:38 PAGE 3   

   PDATA SIZE       =   ----    ----
   DATA SIZE        =      7       2
   IDATA SIZE       =   ----    ----
   BIT SIZE         =   ----    ----
END OF MODULE INFORMATION.


C51 COMPILATION COMPLETE.  0 WARNING(S),  0 ERROR(S)
