C51 COMPILER V9.54   MAIN                                                                  06/29/2025 22:46:33 PAGE 1   


C51 COMPILER V9.54, COMPILATION OF MODULE MAIN
OBJECT MODULE PLACED IN .\Objects\main.obj
COMPILER INVOKED BY: D:\keil\C51\BIN\C51.EXE main.c OPTIMIZE(8,SPEED) BROWSE DEBUG OBJECTEXTEND PRINT(.\Listings\main.ls
                    -t) TABS(2) OBJECT(.\Objects\main.obj)

line level    source

   1          #include <REGX52.H>
   2          #include "LCD1602.h"
   3          #include "DS1302.h"
   4          #include "Delay.h"
   5          #include "Key.h"
   6          #include "Timer0.h"
   7          
   8          unsigned char KeyNum,MODE,TimeSetSelect;
   9          
  10          void TimeShow(void)
  11          {
  12   1        DS1302_ReadTime();
  13   1      
  14   1        LCD_ShowNum(1,1,DS1302_Time[0],2);
  15   1        LCD_ShowNum(1,4,DS1302_Time[1],2);
  16   1        LCD_ShowNum(1,7,DS1302_Time[2],2);
  17   1        LCD_ShowNum(2,1,DS1302_Time[3],2);
  18   1        LCD_ShowNum(2,4,DS1302_Time[4],2);
  19   1        LCD_ShowNum(2,7,DS1302_Time[5],2);
  20   1      }
  21          
  22          void TimeSet(void)
  23          {
  24   1        if(KeyNum==2)
  25   1        {
  26   2          TimeSetSelect++;
  27   2          TimeSetSelect%=6;
  28   2        }
  29   1        if(KeyNum==3)
  30   1        {
  31   2          DS1302_Time[TimeSetSelect]++;
  32   2          if(DS1302_Time[0]>99){DS1302_Time[0]=0;}
  33   2          if(DS1302_Time[1]>12){DS1302_Time[1]=1;}
  34   2          if(DS1302_Time[1]==1||DS1302_Time[1]==3||DS1302_Time[1]==5||
  35   2             DS1302_Time[1]==7||DS1302_Time[1]==8||DS1302_Time[1]==10||DS1302_Time[1]==12)
  36   2          {
  37   3            if(DS1302_Time[2]>31){DS1302_Time[2]=1;}
  38   3          }
  39   2          else if(DS1302_Time[1]==4||DS1302_Time[1]==6||
  40   2                  DS1302_Time[1]==9||DS1302_Time[1]==11)
  41   2          {
  42   3            if(DS1302_Time[2]>30){DS1302_Time[2]=1;}
  43   3          }
  44   2          else if(DS1302_Time[1]==2)
  45   2          {
  46   3            if(DS1302_Time[0]%4==0)
  47   3            {
  48   4              if(DS1302_Time[2]>29){DS1302_Time[2]=1;}
  49   4            }
  50   3            else
  51   3            {
  52   4              if(DS1302_Time[2]>28){DS1302_Time[2]=1;}
  53   4            }
  54   3          }
C51 COMPILER V9.54   MAIN                                                                  06/29/2025 22:46:33 PAGE 2   

  55   2          if(DS1302_Time[3]>23){DS1302_Time[3]=0;}
  56   2          if(DS1302_Time[4]>59){DS1302_Time[4]=0;}
  57   2          if(DS1302_Time[5]>59){DS1302_Time[5]=0;}
  58   2      
  59   2        }
  60   1        if(KeyNum==4)
  61   1        {
  62   2          DS1302_Time[TimeSetSelect]--;
  63   2          if(DS1302_Time[0]<0){DS1302_Time[0]=99;}
  64   2          if(DS1302_Time[1]<1){DS1302_Time[1]=12;}
  65   2          if(DS1302_Time[1]==1||DS1302_Time[1]==3||DS1302_Time[1]==5||
  66   2             DS1302_Time[1]==7||DS1302_Time[1]==8||DS1302_Time[1]==10||DS1302_Time[1]==12)
  67   2          {
  68   3            if(DS1302_Time[2]<1){DS1302_Time[2]=31;}
  69   3            if(DS1302_Time[2]>31){DS1302_Time[2]=1;}
  70   3          }
  71   2          else if(DS1302_Time[1]==4||DS1302_Time[1]==6||
  72   2                  DS1302_Time[1]==9||DS1302_Time[1]==11)
  73   2          {
  74   3            if(DS1302_Time[2]<1){DS1302_Time[2]=30;}
  75   3            if(DS1302_Time[2]>30){DS1302_Time[2]=1;}
  76   3          }
  77   2          else if(DS1302_Time[1]==2)
  78   2          {
  79   3            if(DS1302_Time[0]%4==0)
  80   3            {
  81   4              if(DS1302_Time[2]<1){DS1302_Time[2]=29;}
  82   4              if(DS1302_Time[2]>29){DS1302_Time[2]=1;}
  83   4            }
  84   3            else
  85   3            {
  86   4              if(DS1302_Time[2]<1){DS1302_Time[2]=28;}
  87   4              if(DS1302_Time[2]>28){DS1302_Time[2]=1;}
  88   4            }
  89   3          }
  90   2          if(DS1302_Time[3]<0){DS1302_Time[3]=23;}
  91   2          if(DS1302_Time[4]<0){DS1302_Time[4]=59;}
  92   2          if(DS1302_Time[5]<0){DS1302_Time[5]=59;}
  93   2        }
  94   1      
  95   1      
  96   1        LCD_ShowNum(1,1,DS1302_Time[0],2);
  97   1        LCD_ShowNum(1,4,DS1302_Time[1],2);
  98   1        LCD_ShowNum(1,7,DS1302_Time[2],2);
  99   1        LCD_ShowNum(2,1,DS1302_Time[3],2);
 100   1        LCD_ShowNum(2,4,DS1302_Time[4],2);
 101   1        LCD_ShowNum(2,7,DS1302_Time[5],2);
 102   1        LCD_ShowNum(2,10,TimeSetSelect,2);
 103   1      }
 104          
 105          
 106          void main()
 107          {
 108   1        LCD_Init();
 109   1        DS1302_Init();
 110   1        Timer0Init();
 111   1        DS1302_SetTime();
 112   1      
 113   1        while(1)
 114   1        {
 115   2          KeyNum=Key();
 116   2          if(KeyNum==1)
C51 COMPILER V9.54   MAIN                                                                  06/29/2025 22:46:33 PAGE 3   

 117   2          {
 118   3            if(MODE==0){MODE=1;}
 119   3            else if(MODE==1){MODE=0;DS1302_SetTime();}
 120   3          }
 121   2          switch(MODE)
 122   2          {
 123   3            case 0:TimeShow();break;
 124   3            case 1:TimeSet();break;
 125   3          }
 126   2      
 127   2      
 128   2        }
 129   1      }
 130          
 131          void Timer0_Routine()  interrupt 1
 132          {
 133   1        static unsigned int T0Count;
 134   1        TH0=0xfc;
 135   1        TL0=0x18;
 136   1        T0Count++;
 137   1        if(T0Count>=5000)
 138   1        {
 139   2          T0Count=0;
 140   2        }
 141   1      }


MODULE INFORMATION:   STATIC OVERLAYABLE
   CODE SIZE        =    789    ----
   CONSTANT SIZE    =   ----    ----
   XDATA SIZE       =   ----    ----
   PDATA SIZE       =   ----    ----
   DATA SIZE        =      5    ----
   IDATA SIZE       =   ----    ----
   BIT SIZE         =   ----    ----
END OF MODULE INFORMATION.


C51 COMPILATION COMPLETE.  0 WARNING(S),  0 ERROR(S)
