C51 COMPILER V9.54   LCD1602                                                               07/02/2025 21:58:13 PAGE 1   


C51 COMPILER V9.54, COMPILATION OF MODULE LCD1602
OBJECT MODULE PLACED IN .\Objects\LCD1602.obj
COMPILER INVOKED BY: D:\keil\C51\BIN\C51.EXE LCD1602.c OPTIMIZE(8,SPEED) BROWSE DEBUG OBJECTEXTEND PRINT(.\Listings\LCD1
                    -602.lst) TABS(2) OBJECT(.\Objects\LCD1602.obj)

line level    source

   1          #include <REGX52.H>
   2          
   3          
   4          sbit LCD_RS=P2^6;
   5          sbit LCD_RW=P2^5;
   6          sbit LCD_E=P2^7;
   7          
   8          #define LCD_DataPort P0
   9          
  10          void LCD_Delay()    //@12.000MHz    1ms
  11          {
  12   1        unsigned char i, j;
  13   1      
  14   1        i = 2;
  15   1        j = 239;
  16   1        do
  17   1        {
  18   2          while (--j);
  19   2        } while (--i);
  20   1      }
  21          
  22          
  23          void LCD_WriteCommand(unsigned char Command)
  24          {
  25   1        LCD_RS=0;
  26   1        LCD_RW=0;
  27   1        LCD_DataPort=Command;
  28   1        LCD_E=1;
  29   1        LCD_Delay();
  30   1        LCD_E=0;
  31   1        LCD_Delay();
  32   1      }
  33          
  34          
  35          void LCD_WriteData(unsigned char Data)
  36          {
  37   1        LCD_RS=1;
  38   1        LCD_RW=0;
  39   1        LCD_DataPort=Data;
  40   1        LCD_E=1;
  41   1        LCD_Delay();
  42   1        LCD_E=0;
  43   1        LCD_Delay();  
  44   1      }
  45          
  46          
  47          void LCD_Init(void)
  48          {
  49   1        LCD_WriteCommand(0x38);
  50   1        LCD_WriteCommand(0x0c);
  51   1        LCD_WriteCommand(0x06);
  52   1        LCD_WriteCommand(0x01); 
  53   1      }
  54          
C51 COMPILER V9.54   LCD1602                                                               07/02/2025 21:58:13 PAGE 2   

  55          
  56          void LCD_SetCursor(unsigned char Line,unsigned char Column)
  57          {
  58   1        if(Line==1)
  59   1        {
  60   2          LCD_WriteCommand(0x80|(Column-1));
  61   2        }
  62   1        else
  63   1        {
  64   2          LCD_WriteCommand(0x80|(Column-1)+0x40);
  65   2        }
  66   1      }
  67          
  68          void LCD_ShowChar(unsigned char Line,unsigned char Column,unsigned char Char)
  69          {
  70   1        LCD_SetCursor(Line,Column);
  71   1        LCD_WriteData(Char);
  72   1      }
  73          
  74          
  75          void LCD_ShowString(unsigned char Line,unsigned char Column,unsigned char *String)
  76          {
  77   1        unsigned char i;
  78   1        LCD_SetCursor(Line,Column);
  79   1        for(i=0;String[i]!='\0';i++)
  80   1        {
  81   2          LCD_WriteData(String[i]);
  82   2        }
  83   1      } 
  84          
  85          int LCD_Pow(int X,int Y)
  86          {
  87   1        unsigned char i;
  88   1        int Result=1;
  89   1        for(i=0;i<Y;i++)
  90   1        {
  91   2          Result*=X;
  92   2        }
  93   1        return Result;
  94   1      }
  95          
  96          void LCD_ShowNum(unsigned char Line,unsigned char Column,unsigned int Number,unsigned char Length)
  97          {
  98   1        unsigned char i;
  99   1        LCD_SetCursor(Line,Column);
 100   1        for(i=Length;i>0;i--)
 101   1        {
 102   2          LCD_WriteData(Number/LCD_Pow(10,i-1)%10+'0');
 103   2          
 104   2        }
 105   1        
 106   1      }
 107          
 108          
 109          void LCD_ShowSignedNum(unsigned char Line,unsigned char Column,int Number,unsigned char Length)
 110          {
 111   1        unsigned char i;
 112   1        unsigned int Number1;
 113   1        LCD_SetCursor(Line,Column);
 114   1        if(Number>=0)
 115   1        {
 116   2          LCD_WriteData('+');
C51 COMPILER V9.54   LCD1602                                                               07/02/2025 21:58:13 PAGE 3   

 117   2          Number1=Number;
 118   2        }
 119   1        else
 120   1        {
 121   2          LCD_WriteData('-');
 122   2          Number1=-Number;
 123   2        }
 124   1        for(i=Length;i>0;i--)
 125   1        {
 126   2          LCD_WriteData(Number1/LCD_Pow(10,i-1)%10+'0');
 127   2          
 128   2        }
 129   1      
 130   1      }
 131          
 132          
 133          void LCD_ShowHexNum(unsigned char Line,unsigned char Column,unsigned int Number,unsigned char Length) 
 134          {
 135   1        unsigned char i;
 136   1        unsigned char SingleNumber;
 137   1        LCD_SetCursor(Line,Column);
 138   1        for(i=Length;i>0;i--)
 139   1        {
 140   2          SingleNumber=Number/LCD_Pow(16,i-1)%16;
 141   2          if(SingleNumber<10)
 142   2          {
 143   3            LCD_WriteData(Number/LCD_Pow(16,i-1)%16+'0');
 144   3          }
 145   2          else
 146   2          {
 147   3            LCD_WriteData(Number/LCD_Pow(16,i-1)%16+'A'-10);
 148   3          }
 149   2        }
 150   1      }
 151          
 152          
 153          void LCD_ShowBinNum(unsigned char Line,unsigned char Column,unsigned int Number,unsigned char Length)
 154          {
 155   1        unsigned char i;
 156   1        LCD_SetCursor(Line,Column);
 157   1        for(i=Length;i>0;i--)
 158   1        {
 159   2          LCD_WriteData(Number/LCD_Pow(2,i-1)%2+'0');
 160   2          
 161   2        }
 162   1      }


MODULE INFORMATION:   STATIC OVERLAYABLE
   CODE SIZE        =    437    ----
   CONSTANT SIZE    =   ----    ----
   XDATA SIZE       =   ----    ----
   PDATA SIZE       =   ----    ----
   DATA SIZE        =   ----      29
   IDATA SIZE       =   ----    ----
   BIT SIZE         =   ----    ----
END OF MODULE INFORMATION.


C51 COMPILATION COMPLETE.  0 WARNING(S),  0 ERROR(S)
