C51 COMPILER V9.54   MAIN                                                                  06/09/2025 21:34:33 PAGE 1   


C51 COMPILER V9.54, COMPILATION OF MODULE MAIN
OBJECT MODULE PLACED IN .\Objects\main.obj
COMPILER INVOKED BY: D:\keil\C51\BIN\C51.EXE main.c OPTIMIZE(8,SPEED) BROWSE DEBUG OBJECTEXTEND PRINT(.\Listings\main.ls
                    -t) TABS(2) OBJECT(.\Objects\main.obj)

line level    source

   1          #include <REGX52.H>
   2          
   3          void Delay(unsigned int xms)    //@12.000MHz
   4          {
   5   1        unsigned char i, j;
   6   1        while(xms--)
   7   1        {
   8   2          i = 2;
   9   2          j = 239;
  10   2          do
  11   2          {
  12   3            while (--j);
  13   3          } while (--i);
  14   2          
  15   2        }
  16   1      
  17   1      }
  18          
  19          void main()
  20          {
  21   1        unsigned char LEDNum=0;
  22   1        P2=~0x01;
  23   1        while(1)
  24   1        {
  25   2          if(P3_1==0)
  26   2          {
  27   3            Delay(20);
  28   3            while(P3_1==0);
  29   3            Delay(20);
  30   3            LEDNum++;
  31   3            if(LEDNum>=8)
  32   3            {
  33   4              LEDNum=0;
  34   4            }
  35   3            P2=~(0x01<<LEDNum);
  36   3          }
  37   2          if(P3_0==0)
  38   2          {
  39   3            Delay(20);
  40   3            while(P3_0==0);
  41   3            Delay(20);
  42   3            if(LEDNum==0)
  43   3            {
  44   4              LEDNum=7;
  45   4            }
  46   3            else
  47   3            {
  48   4              LEDNum--;
  49   4            } 
  50   3            P2=~(0x01<<LEDNum);
  51   3          }
  52   2        }
  53   1      }

C51 COMPILER V9.54   MAIN                                                                  06/09/2025 21:34:33 PAGE 2   


MODULE INFORMATION:   STATIC OVERLAYABLE
   CODE SIZE        =    101    ----
   CONSTANT SIZE    =   ----    ----
   XDATA SIZE       =   ----    ----
   PDATA SIZE       =   ----    ----
   DATA SIZE        =   ----    ----
   IDATA SIZE       =   ----    ----
   BIT SIZE         =   ----    ----
END OF MODULE INFORMATION.


C51 COMPILATION COMPLETE.  0 WARNING(S),  0 ERROR(S)
