C51 COMPILER V9.54   MAIN                                                                  07/01/2025 18:52:43 PAGE 1   


C51 COMPILER V9.54, COMPILATION OF MODULE MAIN
OBJECT MODULE PLACED IN .\Objects\main.obj
COMPILER INVOKED BY: D:\keil\C51\BIN\C51.EXE main.c OPTIMIZE(8,SPEED) BROWSE DEBUG OBJECTEXTEND PRINT(.\Listings\main.ls
                    -t) TABS(2) OBJECT(.\Objects\main.obj)

line level    source

   1          #include <REGX52.H>
   2          #include "Delay.h"
   3          #include "Key.h"
   4          #include "Nixie.h"
   5          
   6          
   7          sbit Buzzer=P2^5;
   8          
   9          unsigned char KeyNum;
  10          unsigned int i;
  11          
  12          void  main()
  13          {
  14   1        Nixie(1,0);
  15   1        while(1)
  16   1        {
  17   2      
  18   2          KeyNum=Key();
  19   2          if(KeyNum)
  20   2          {
  21   3            for(i=0;i<100;i++)
  22   3            {
  23   4              Buzzer=!Buzzer;
  24   4              Delay(1);
  25   4              
  26   4            }
  27   3            Nixie(1,KeyNum);
  28   3          }
  29   2        }
  30   1      }


MODULE INFORMATION:   STATIC OVERLAYABLE
   CODE SIZE        =     60    ----
   CONSTANT SIZE    =   ----    ----
   XDATA SIZE       =   ----    ----
   PDATA SIZE       =   ----    ----
   DATA SIZE        =      3    ----
   IDATA SIZE       =   ----    ----
   BIT SIZE         =   ----    ----
END OF MODULE INFORMATION.


C51 COMPILATION COMPLETE.  0 WARNING(S),  0 ERROR(S)
